2019/05/17 12:12:04 START [YouTube]  https://www.youtube.com/playlist?list=PLiCvVJzBupKlQ50jZqLas7SAztTMEYv1f
2019/05/17 12:12:04 Listen on  44937
2019/05/17 12:12:04 START [YouTube]  https://www.youtube.com/playlist?list=PL57quI9usf_sQMlMeQrUr5O_pCncZilx3
2019/05/17 12:12:04 Listen on  43719
2019/05/17 12:12:04 START [YouTube]  https://www.youtube.com/playlist?list=PLU12uITxBEPFJGVb2zSgCaWvMBe7vHonB
2019/05/17 12:12:04 Listen on  43955
2019/05/17 12:12:04 START [YouTube]  https://www.youtube.com/playlist?list=PL8fVUTBmJhHJrxHg_uNTMyRmsWbFltuQV
2019/05/17 12:12:04 Listen on  37367
2019/05/17 12:12:04 START [YouTube]  https://www.youtube.com/playlist?list=PLU12uITxBEPFnoOrc_w0oJL6CEeKRhpcb
2019/05/17 12:12:05 Listen on  41855
2019/05/17 12:12:04 START [YouTube]  https://www.youtube.com/playlist?list=PLIFqWCuxNyoiKKthaTBqjIH6m6A9INomt
2019/05/17 12:12:05 Listen on  34349
2019/05/17 12:12:04 START [YouTube]  https://www.youtube.com/playlist?list=PLU12uITxBEPHvBRHoUt-fzKr8Iz1HpfUC
2019/05/17 12:12:05 Listen on  40631
2019/05/17 12:22:00 START [YouTube]  https://www.youtube.com/playlist?list=PLU12uITxBEPHvBRHoUt-fzKr8Iz1HpfUC
2019/05/17 12:22:00 Listen on  36669
2019/05/17 12:22:00 START [YouTube]  https://www.youtube.com/playlist?list=PLiCvVJzBupKlQ50jZqLas7SAztTMEYv1f
2019/05/17 12:22:00 Listen on  41437
2019/05/17 12:22:00 START [YouTube]  https://www.youtube.com/playlist?list=PLU12uITxBEPFJGVb2zSgCaWvMBe7vHonB
2019/05/17 12:22:00 Listen on  35715
2019/05/17 12:22:00 START [YouTube]  https://www.youtube.com/playlist?list=PL8fVUTBmJhHJrxHg_uNTMyRmsWbFltuQV
2019/05/17 12:22:00 Listen on  34885
2019/05/17 12:22:00 START [YouTube]  https://www.youtube.com/playlist?list=PLU12uITxBEPFnoOrc_w0oJL6CEeKRhpcb
2019/05/17 12:22:00 Listen on  37733
2019/05/17 12:22:00 START [YouTube]  https://www.youtube.com/playlist?list=PL57quI9usf_sQMlMeQrUr5O_pCncZilx3
2019/05/17 12:22:00 Listen on  33191
2019/05/17 12:22:00 START [YouTube]  https://www.youtube.com/playlist?list=PLIFqWCuxNyoiKKthaTBqjIH6m6A9INomt
2019/05/17 12:22:00 Listen on  32827
2019/05/17 12:29:32 [http.go] send data err  Post http://120.126.16.88:17777/add: EOF
2019/05/17 12:29:32 [http.go] send data err  Post http://120.126.16.88:17777/add: EOF
2019/05/17 12:29:32 [http.go] send data err  Post http://120.126.16.88:17777/add: EOF
2019/05/17 12:29:32 [http.go] send data err  Post http://120.126.16.88:17777/add: EOF
2019/05/17 12:29:32 [http.go] send data err  Post http://120.126.16.88:17777/add: EOF
2019/05/17 12:29:32 [http.go] send data err  Post http://120.126.16.88:17777/add: EOF
panic: runtime error: invalid memory address or nil pointer dereference
[signal SIGSEGV: segmentation violation code=0x1 addr=0xe8 pc=0x6d5467]

goroutine 6 [running]:
crawler_livecat/crawler.getYouTubeDoc(0x0, 0x0, 0xc00118c060, 0x60, 0x49, 0xc00118c060, 0x60)
	/home/jeff/Desktop/jeff/git/livecat/crawler_livecat/crawler/crawlerYouTube.go:45 +0x37
crawler_livecat/crawler.getYouTubeDATA.func1(0x1, 0xc0015680f0)
	/home/jeff/Desktop/jeff/git/livecat/crawler_livecat/crawler/crawlerYouTube.go:71 +0x2c4
github.com/PuerkitoBio/goquery.(*Selection).Each(0xc001bfe150, 0xc000285ec8, 0x27)
	/home/jeff/go/pkg/mod/github.com/!puerkito!bio/goquery@v1.5.0/iteration.go:10 +0x53
crawler_livecat/crawler.getYouTubeDATA(0xc0001b21e0, 0x0, 0x0, 0xaf89, 0xc000458080)
	/home/jeff/Desktop/jeff/git/livecat/crawler_livecat/crawler/crawlerYouTube.go:64 +0xdc
crawler_livecat/crawler.crawlerYouTube(0x79db90, 0x48, 0xaf89)
	/home/jeff/Desktop/jeff/git/livecat/crawler_livecat/crawler/crawlerYouTube.go:41 +0x267
crawler_livecat/crawler.YouTubeInitial(0x79db90, 0x48)
	/home/jeff/Desktop/jeff/git/livecat/crawler_livecat/crawler/crawlerYouTube.go:19 +0x7e
created by main.main
	/home/jeff/Desktop/jeff/git/livecat/crawler_livecat/main.go:22 +0x99
